This file contains any messages produced by compilers while
running configure, to aid debugging if configure makes a mistake.

It was created by impd4e configure 1.0, which was
generated by GNU Autoconf 2.61.  Invocation command line was

  $ ./configure 

## --------- ##
## Platform. ##
## --------- ##

hostname = prism-demo
uname -m = i686
uname -r = 2.6.24-23-generic
uname -s = Linux
uname -v = #1 SMP Mon Jan 26 00:13:11 UTC 2009

/usr/bin/uname -p = unknown
/bin/uname -X     = unknown

/bin/arch              = unknown
/usr/bin/arch -k       = unknown
/usr/convex/getsysinfo = unknown
/usr/bin/hostinfo      = unknown
/bin/machine           = unknown
/usr/bin/oslevel       = unknown
/bin/universe          = unknown

PATH: /usr/local/sbin
PATH: /usr/local/bin
PATH: /usr/sbin
PATH: /usr/bin
PATH: /sbin
PATH: /bin
PATH: /usr/games


## ----------- ##
## Core tests. ##
## ----------- ##

configure:1755: checking build system type
configure:1773: result: i686-pc-linux-gnu
configure:1795: checking host system type
configure:1810: result: i686-pc-linux-gnu
configure:1832: checking target system type
configure:1847: result: i686-pc-linux-gnu
configure:1928: checking for gcc
configure:1944: found /usr/bin/gcc
configure:1955: result: gcc
configure:2193: checking for C compiler version
configure:2200: gcc --version >&5
gcc (GCC) 4.2.4 (Ubuntu 4.2.4-1ubuntu3)
Copyright (C) 2007 Free Software Foundation, Inc.
This is free software; see the source for copying conditions.  There is NO
warranty; not even for MERCHANTABILITY or FITNESS FOR A PARTICULAR PURPOSE.

configure:2203: $? = 0
configure:2210: gcc -v >&5
Using built-in specs.
Target: i486-linux-gnu
Configured with: ../src/configure -v --enable-languages=c,c++,fortran,objc,obj-c++,treelang --prefix=/usr --enable-shared --with-system-zlib --libexecdir=/usr/lib --without-included-gettext --enable-threads=posix --enable-nls --with-gxx-include-dir=/usr/include/c++/4.2 --program-suffix=-4.2 --enable-clocale=gnu --enable-libstdcxx-debug --enable-objc-gc --enable-mpfr --enable-targets=all --enable-checking=release --build=i486-linux-gnu --host=i486-linux-gnu --target=i486-linux-gnu
Thread model: posix
gcc version 4.2.4 (Ubuntu 4.2.4-1ubuntu3)
configure:2213: $? = 0
configure:2220: gcc -V >&5
gcc: '-V' option must have argument
configure:2223: $? = 1
configure:2246: checking for C compiler default output file name
configure:2273: gcc    conftest.c  >&5
configure:2276: $? = 0
configure:2314: result: a.out
configure:2331: checking whether the C compiler works
configure:2341: ./a.out
configure:2344: $? = 0
configure:2361: result: yes
configure:2368: checking whether we are cross compiling
configure:2370: result: no
configure:2373: checking for suffix of executables
configure:2380: gcc -o conftest    conftest.c  >&5
configure:2383: $? = 0
configure:2407: result: 
configure:2413: checking for suffix of object files
configure:2439: gcc -c   conftest.c >&5
configure:2442: $? = 0
configure:2465: result: o
configure:2469: checking whether we are using the GNU C compiler
configure:2498: gcc -c   conftest.c >&5
configure:2504: $? = 0
configure:2521: result: yes
configure:2526: checking whether gcc accepts -g
configure:2556: gcc -c -g  conftest.c >&5
configure:2562: $? = 0
configure:2661: result: yes
configure:2678: checking for gcc option to accept ISO C89
configure:2752: gcc  -c -g -O2  conftest.c >&5
configure:2758: $? = 0
configure:2781: result: none needed
configure:2812: checking for a BSD-compatible install
configure:2868: result: /usr/bin/install -c
configure:2953: checking for pcap_open_live in -lpcap
configure:2988: gcc -o conftest -g -O2   conftest.c -lpcap   >&5
configure:2994: $? = 0
configure:3013: result: yes
configure:3030: checking for pcap_breakloop
configure:3086: gcc -o conftest -g -O2   conftest.c  -lpcap >&5
configure:3092: $? = 0
configure:3110: result: yes
configure:3030: checking for pcap_freecode
configure:3086: gcc -o conftest -g -O2   conftest.c  -lpcap >&5
configure:3092: $? = 0
configure:3110: result: yes
configure:3133: checking how to run the C preprocessor
configure:3173: gcc -E  conftest.c
configure:3179: $? = 0
configure:3210: gcc -E  conftest.c
conftest.c:10:28: error: ac_nonexistent.h: No such file or directory
configure:3216: $? = 1
configure: failed program was:
| /* confdefs.h.  */
| #define PACKAGE_NAME "impd4e"
| #define PACKAGE_TARNAME "impd4e"
| #define PACKAGE_VERSION "1.0"
| #define PACKAGE_STRING "impd4e 1.0"
| #define PACKAGE_BUGREPORT ""
| #define HAVE_PCAP_BREAKLOOP 1
| #define HAVE_PCAP_FREECODE 1
| /* end confdefs.h.  */
| #include <ac_nonexistent.h>
configure:3249: result: gcc -E
configure:3278: gcc -E  conftest.c
configure:3284: $? = 0
configure:3315: gcc -E  conftest.c
conftest.c:10:28: error: ac_nonexistent.h: No such file or directory
configure:3321: $? = 1
configure: failed program was:
| /* confdefs.h.  */
| #define PACKAGE_NAME "impd4e"
| #define PACKAGE_TARNAME "impd4e"
| #define PACKAGE_VERSION "1.0"
| #define PACKAGE_STRING "impd4e 1.0"
| #define PACKAGE_BUGREPORT ""
| #define HAVE_PCAP_BREAKLOOP 1
| #define HAVE_PCAP_FREECODE 1
| /* end confdefs.h.  */
| #include <ac_nonexistent.h>
configure:3359: checking for grep that handles long lines and -e
configure:3433: result: /bin/grep
configure:3438: checking for egrep
configure:3516: result: /bin/grep -E
configure:3521: checking for ANSI C header files
configure:3551: gcc -c -g -O2  conftest.c >&5
configure:3557: $? = 0
configure:3656: gcc -o conftest -g -O2   conftest.c  >&5
configure:3659: $? = 0
configure:3665: ./conftest
configure:3668: $? = 0
configure:3685: result: yes
configure:3710: checking for sys/types.h
configure:3731: gcc -c -g -O2  conftest.c >&5
configure:3737: $? = 0
configure:3753: result: yes
configure:3710: checking for sys/stat.h
configure:3731: gcc -c -g -O2  conftest.c >&5
configure:3737: $? = 0
configure:3753: result: yes
configure:3710: checking for stdlib.h
configure:3731: gcc -c -g -O2  conftest.c >&5
configure:3737: $? = 0
configure:3753: result: yes
configure:3710: checking for string.h
configure:3731: gcc -c -g -O2  conftest.c >&5
configure:3737: $? = 0
configure:3753: result: yes
configure:3710: checking for memory.h
configure:3731: gcc -c -g -O2  conftest.c >&5
configure:3737: $? = 0
configure:3753: result: yes
configure:3710: checking for strings.h
configure:3731: gcc -c -g -O2  conftest.c >&5
configure:3737: $? = 0
configure:3753: result: yes
configure:3710: checking for inttypes.h
configure:3731: gcc -c -g -O2  conftest.c >&5
configure:3737: $? = 0
configure:3753: result: yes
configure:3710: checking for stdint.h
configure:3731: gcc -c -g -O2  conftest.c >&5
configure:3737: $? = 0
configure:3753: result: yes
configure:3710: checking for unistd.h
configure:3731: gcc -c -g -O2  conftest.c >&5
configure:3737: $? = 0
configure:3753: result: yes
configure:3790: checking pcap.h usability
configure:3807: gcc -c -g -O2  conftest.c >&5
configure:3813: $? = 0
configure:3827: result: yes
configure:3831: checking pcap.h presence
configure:3846: gcc -E  conftest.c
configure:3852: $? = 0
configure:3866: result: yes
configure:3894: checking for pcap.h
configure:3902: result: yes
configure:3790: checking ipfix.h usability
configure:3807: gcc -c -g -O2  conftest.c >&5
configure:3813: $? = 0
configure:3827: result: yes
configure:3831: checking ipfix.h presence
configure:3846: gcc -E  conftest.c
configure:3852: $? = 0
configure:3866: result: yes
configure:3894: checking for ipfix.h
configure:3902: result: yes
configure:3780: checking for inttypes.h
configure:3786: result: yes
configure:3780: checking for stdlib.h
configure:3786: result: yes
configure:3780: checking for unistd.h
configure:3786: result: yes
configure:3780: checking for string.h
configure:3786: result: yes
configure:3790: checking limits.h usability
configure:3807: gcc -c -g -O2  conftest.c >&5
configure:3813: $? = 0
configure:3827: result: yes
configure:3831: checking limits.h presence
configure:3846: gcc -E  conftest.c
configure:3852: $? = 0
configure:3866: result: yes
configure:3894: checking for limits.h
configure:3902: result: yes
configure:3790: checking stdio.h usability
configure:3807: gcc -c -g -O2  conftest.c >&5
configure:3813: $? = 0
configure:3827: result: yes
configure:3831: checking stdio.h presence
configure:3846: gcc -E  conftest.c
configure:3852: $? = 0
configure:3866: result: yes
configure:3894: checking for stdio.h
configure:3902: result: yes
configure:3790: checking errno.h usability
configure:3807: gcc -c -g -O2  conftest.c >&5
configure:3813: $? = 0
configure:3827: result: yes
configure:3831: checking errno.h presence
configure:3846: gcc -E  conftest.c
configure:3852: $? = 0
configure:3866: result: yes
configure:3894: checking for errno.h
configure:3902: result: yes
configure:3790: checking signal.h usability
configure:3807: gcc -c -g -O2  conftest.c >&5
configure:3813: $? = 0
configure:3827: result: yes
configure:3831: checking signal.h presence
configure:3846: gcc -E  conftest.c
configure:3852: $? = 0
configure:3866: result: yes
configure:3894: checking for signal.h
configure:3902: result: yes
configure:3790: checking netinet/in.h usability
configure:3807: gcc -c -g -O2  conftest.c >&5
configure:3813: $? = 0
configure:3827: result: yes
configure:3831: checking netinet/in.h presence
configure:3846: gcc -E  conftest.c
configure:3852: $? = 0
configure:3866: result: yes
configure:3894: checking for netinet/in.h
configure:3902: result: yes
configure:3917: checking for an ANSI C-conforming const
configure:3992: gcc -c -g -O2  conftest.c >&5
configure:3998: $? = 0
configure:4013: result: yes
configure:4023: checking for size_t
configure:4053: gcc -c -g -O2  conftest.c >&5
configure:4059: $? = 0
configure:4074: result: yes
configure:4086: checking whether time.h and sys/time.h may both be included
configure:4116: gcc -c -g -O2  conftest.c >&5
configure:4122: $? = 0
configure:4137: result: yes
configure:4147: checking for working volatile
configure:4176: gcc -c -g -O2  conftest.c >&5
configure:4182: $? = 0
configure:4197: result: yes
configure:4225: checking sys/select.h usability
configure:4242: gcc -c -g -O2  conftest.c >&5
configure:4248: $? = 0
configure:4262: result: yes
configure:4266: checking sys/select.h presence
configure:4281: gcc -E  conftest.c
configure:4287: $? = 0
configure:4301: result: yes
configure:4329: checking for sys/select.h
configure:4337: result: yes
configure:4225: checking sys/socket.h usability
configure:4242: gcc -c -g -O2  conftest.c >&5
configure:4248: $? = 0
configure:4262: result: yes
configure:4266: checking sys/socket.h presence
configure:4281: gcc -E  conftest.c
configure:4287: $? = 0
configure:4301: result: yes
configure:4329: checking for sys/socket.h
configure:4337: result: yes
configure:4350: checking types of arguments for select
configure:4388: gcc -c -g -O2  conftest.c >&5
configure:4394: $? = 0
configure:4415: result: int,fd_set *,struct timeval *
configure:4438: checking return type of signal handlers
configure:4466: gcc -c -g -O2  conftest.c >&5
conftest.c: In function 'main':
conftest.c:43: error: void value not ignored as it ought to be
configure:4472: $? = 1
configure: failed program was:
| /* confdefs.h.  */
| #define PACKAGE_NAME "impd4e"
| #define PACKAGE_TARNAME "impd4e"
| #define PACKAGE_VERSION "1.0"
| #define PACKAGE_STRING "impd4e 1.0"
| #define PACKAGE_BUGREPORT ""
| #define HAVE_PCAP_BREAKLOOP 1
| #define HAVE_PCAP_FREECODE 1
| #define STDC_HEADERS 1
| #define HAVE_SYS_TYPES_H 1
| #define HAVE_SYS_STAT_H 1
| #define HAVE_STDLIB_H 1
| #define HAVE_STRING_H 1
| #define HAVE_MEMORY_H 1
| #define HAVE_STRINGS_H 1
| #define HAVE_INTTYPES_H 1
| #define HAVE_STDINT_H 1
| #define HAVE_UNISTD_H 1
| #define HAVE_PCAP_H 1
| #define HAVE_IPFIX_H 1
| #define HAVE_INTTYPES_H 1
| #define HAVE_STDLIB_H 1
| #define HAVE_UNISTD_H 1
| #define HAVE_STRING_H 1
| #define HAVE_LIMITS_H 1
| #define HAVE_STDIO_H 1
| #define HAVE_ERRNO_H 1
| #define HAVE_SIGNAL_H 1
| #define HAVE_NETINET_IN_H 1
| #define TIME_WITH_SYS_TIME 1
| #define HAVE_SYS_SELECT_H 1
| #define HAVE_SYS_SOCKET_H 1
| #define SELECT_TYPE_ARG1 int
| #define SELECT_TYPE_ARG234 (fd_set *)
| #define SELECT_TYPE_ARG5 (struct timeval *)
| /* end confdefs.h.  */
| #include <sys/types.h>
| #include <signal.h>
| 
| int
| main ()
| {
| return *(signal (0, 0)) (0) == 1;
|   ;
|   return 0;
| }
configure:4487: result: void
configure:4499: checking for strftime
configure:4555: gcc -o conftest -g -O2   conftest.c  >&5
conftest.c:61: warning: conflicting types for built-in function 'strftime'
configure:4561: $? = 0
configure:4579: result: yes
configure:4664: checking for vprintf
configure:4720: gcc -o conftest -g -O2   conftest.c  >&5
conftest.c:62: warning: conflicting types for built-in function 'vprintf'
configure:4726: $? = 0
configure:4744: result: yes
configure:4751: checking for _doprnt
configure:4807: gcc -o conftest -g -O2   conftest.c  >&5
/tmp/ccwnbl1M.o: In function `main':
/home/crawley/devel/impd4e/conftest.c:74: undefined reference to `_doprnt'
collect2: ld returned 1 exit status
configure:4813: $? = 1
configure: failed program was:
| /* confdefs.h.  */
| #define PACKAGE_NAME "impd4e"
| #define PACKAGE_TARNAME "impd4e"
| #define PACKAGE_VERSION "1.0"
| #define PACKAGE_STRING "impd4e 1.0"
| #define PACKAGE_BUGREPORT ""
| #define HAVE_PCAP_BREAKLOOP 1
| #define HAVE_PCAP_FREECODE 1
| #define STDC_HEADERS 1
| #define HAVE_SYS_TYPES_H 1
| #define HAVE_SYS_STAT_H 1
| #define HAVE_STDLIB_H 1
| #define HAVE_STRING_H 1
| #define HAVE_MEMORY_H 1
| #define HAVE_STRINGS_H 1
| #define HAVE_INTTYPES_H 1
| #define HAVE_STDINT_H 1
| #define HAVE_UNISTD_H 1
| #define HAVE_PCAP_H 1
| #define HAVE_IPFIX_H 1
| #define HAVE_INTTYPES_H 1
| #define HAVE_STDLIB_H 1
| #define HAVE_UNISTD_H 1
| #define HAVE_STRING_H 1
| #define HAVE_LIMITS_H 1
| #define HAVE_STDIO_H 1
| #define HAVE_ERRNO_H 1
| #define HAVE_SIGNAL_H 1
| #define HAVE_NETINET_IN_H 1
| #define TIME_WITH_SYS_TIME 1
| #define HAVE_SYS_SELECT_H 1
| #define HAVE_SYS_SOCKET_H 1
| #define SELECT_TYPE_ARG1 int
| #define SELECT_TYPE_ARG234 (fd_set *)
| #define SELECT_TYPE_ARG5 (struct timeval *)
| #define RETSIGTYPE void
| #define HAVE_STRFTIME 1
| #define HAVE_VPRINTF 1
| /* end confdefs.h.  */
| /* Define _doprnt to an innocuous variant, in case <limits.h> declares _doprnt.
|    For example, HP-UX 11i <limits.h> declares gettimeofday.  */
| #define _doprnt innocuous__doprnt
| 
| /* System header to define __stub macros and hopefully few prototypes,
|     which can conflict with char _doprnt (); below.
|     Prefer <limits.h> to <assert.h> if __STDC__ is defined, since
|     <limits.h> exists even on freestanding compilers.  */
| 
| #ifdef __STDC__
| # include <limits.h>
| #else
| # include <assert.h>
| #endif
| 
| #undef _doprnt
| 
| /* Override any GCC internal prototype to avoid an error.
|    Use char because int might match the return type of a GCC
|    builtin and then its argument prototype would still apply.  */
| #ifdef __cplusplus
| extern "C"
| #endif
| char _doprnt ();
| /* The GNU C library defines this for functions which it implements
|     to always fail with ENOSYS.  Some functions are actually named
|     something starting with __ and the normal name is an alias.  */
| #if defined __stub__doprnt || defined __stub____doprnt
| choke me
| #endif
| 
| int
| main ()
| {
| return _doprnt ();
|   ;
|   return 0;
| }
configure:4830: result: no
configure:4856: checking for gettimeofday
configure:4912: gcc -o conftest -g -O2   conftest.c  >&5
configure:4918: $? = 0
configure:4936: result: yes
configure:4856: checking for basename
configure:4912: gcc -o conftest -g -O2   conftest.c  >&5
configure:4918: $? = 0
configure:4936: result: yes
configure:4856: checking for inet_ntoa
configure:4912: gcc -o conftest -g -O2   conftest.c  >&5
configure:4918: $? = 0
configure:4936: result: yes
configure:4856: checking for memmove
configure:4912: gcc -o conftest -g -O2   conftest.c  >&5
conftest.c:66: warning: conflicting types for built-in function 'memmove'
configure:4918: $? = 0
configure:4936: result: yes
configure:4856: checking for memset
configure:4912: gcc -o conftest -g -O2   conftest.c  >&5
conftest.c:67: warning: conflicting types for built-in function 'memset'
configure:4918: $? = 0
configure:4936: result: yes
configure:4856: checking for mkdir
configure:4912: gcc -o conftest -g -O2   conftest.c  >&5
configure:4918: $? = 0
configure:4936: result: yes
configure:4856: checking for select
configure:4912: gcc -o conftest -g -O2   conftest.c  >&5
configure:4918: $? = 0
configure:4936: result: yes
configure:4856: checking for strdup
configure:4912: gcc -o conftest -g -O2   conftest.c  >&5
conftest.c:70: warning: conflicting types for built-in function 'strdup'
configure:4918: $? = 0
configure:4936: result: yes
configure:4856: checking for strerror
configure:4912: gcc -o conftest -g -O2   conftest.c  >&5
configure:4918: $? = 0
configure:4936: result: yes
configure:4950: checking for gethostbyname
configure:5006: gcc -o conftest -g -O2   conftest.c  >&5
configure:5012: $? = 0
configure:5030: result: yes
configure:5188: checking for setsockopt
configure:5244: gcc -o conftest -g -O2   conftest.c  >&5
configure:5250: $? = 0
configure:5268: result: yes
configure:5354: checking for hstrerror
configure:5410: gcc -o conftest -g -O2   conftest.c  >&5
configure:5416: $? = 0
configure:5434: result: yes
configure:5592: checking for getopt_long
configure:5648: gcc -o conftest -g -O2   conftest.c  >&5
configure:5654: $? = 0
configure:5672: result: yes
configure:5854: creating ./config.status

## ---------------------- ##
## Running config.status. ##
## ---------------------- ##

This file was extended by impd4e config.status 1.0, which was
generated by GNU Autoconf 2.61.  Invocation command line was

  CONFIG_FILES    = 
  CONFIG_HEADERS  = 
  CONFIG_LINKS    = 
  CONFIG_COMMANDS = 
  $ ./config.status 

on prism-demo

config.status:609: creating Makefile
config.status:609: creating config.h
config.status:870: config.h is unchanged

## ---------------- ##
## Cache variables. ##
## ---------------- ##

ac_cv_build=i686-pc-linux-gnu
ac_cv_c_compiler_gnu=yes
ac_cv_c_const=yes
ac_cv_c_volatile=yes
ac_cv_env_CC_set=
ac_cv_env_CC_value=
ac_cv_env_CFLAGS_set=
ac_cv_env_CFLAGS_value=
ac_cv_env_CPPFLAGS_set=
ac_cv_env_CPPFLAGS_value=
ac_cv_env_CPP_set=
ac_cv_env_CPP_value=
ac_cv_env_LDFLAGS_set=
ac_cv_env_LDFLAGS_value=
ac_cv_env_LIBS_set=
ac_cv_env_LIBS_value=
ac_cv_env_build_alias_set=
ac_cv_env_build_alias_value=
ac_cv_env_host_alias_set=
ac_cv_env_host_alias_value=
ac_cv_env_target_alias_set=
ac_cv_env_target_alias_value=
ac_cv_func__doprnt=no
ac_cv_func_basename=yes
ac_cv_func_gethostbyname=yes
ac_cv_func_getopt_long=yes
ac_cv_func_gettimeofday=yes
ac_cv_func_hstrerror=yes
ac_cv_func_inet_ntoa=yes
ac_cv_func_memmove=yes
ac_cv_func_memset=yes
ac_cv_func_mkdir=yes
ac_cv_func_pcap_breakloop=yes
ac_cv_func_pcap_freecode=yes
ac_cv_func_select=yes
ac_cv_func_select_args='int,fd_set *,struct timeval *'
ac_cv_func_setsockopt=yes
ac_cv_func_strdup=yes
ac_cv_func_strerror=yes
ac_cv_func_strftime=yes
ac_cv_func_vprintf=yes
ac_cv_header_errno_h=yes
ac_cv_header_inttypes_h=yes
ac_cv_header_ipfix_h=yes
ac_cv_header_limits_h=yes
ac_cv_header_memory_h=yes
ac_cv_header_netinet_in_h=yes
ac_cv_header_pcap_h=yes
ac_cv_header_signal_h=yes
ac_cv_header_stdc=yes
ac_cv_header_stdint_h=yes
ac_cv_header_stdio_h=yes
ac_cv_header_stdlib_h=yes
ac_cv_header_string_h=yes
ac_cv_header_strings_h=yes
ac_cv_header_sys_select_h=yes
ac_cv_header_sys_socket_h=yes
ac_cv_header_sys_stat_h=yes
ac_cv_header_sys_types_h=yes
ac_cv_header_time=yes
ac_cv_header_unistd_h=yes
ac_cv_host=i686-pc-linux-gnu
ac_cv_lib_pcap___pcap_open_live=yes
ac_cv_objext=o
ac_cv_path_EGREP='/bin/grep -E'
ac_cv_path_GREP=/bin/grep
ac_cv_path_install='/usr/bin/install -c'
ac_cv_prog_CPP='gcc -E'
ac_cv_prog_ac_ct_CC=gcc
ac_cv_prog_cc_c89=
ac_cv_prog_cc_g=yes
ac_cv_target=i686-pc-linux-gnu
ac_cv_type_signal=void
ac_cv_type_size_t=yes

## ----------------- ##
## Output variables. ##
## ----------------- ##

CC='gcc'
CFLAGS='-g -O2'
CPP='gcc -E'
CPPFLAGS=''
DEFS='-DHAVE_CONFIG_H'
ECHO_C=''
ECHO_N='-n'
ECHO_T=''
EGREP='/bin/grep -E'
EXEEXT=''
GREP='/bin/grep'
INSTALL_DATA='${INSTALL} -m 644'
INSTALL_PROGRAM='${INSTALL}'
INSTALL_SCRIPT='${INSTALL}'
LDFLAGS=''
LIBOBJS=''
LIBS=''
LTLIBOBJS=''
OBJEXT='o'
PACKAGE_BUGREPORT=''
PACKAGE_NAME='impd4e'
PACKAGE_STRING='impd4e 1.0'
PACKAGE_TARNAME='impd4e'
PACKAGE_VERSION='1.0'
PATH_SEPARATOR=':'
PCAPINCLS=''
PCAPLIBS='-lpcap'
SHELL='/bin/bash'
ac_ct_CC='gcc'
bindir='${exec_prefix}/bin'
build='i686-pc-linux-gnu'
build_alias=''
build_cpu='i686'
build_os='linux-gnu'
build_vendor='pc'
datadir='${datarootdir}'
datarootdir='${prefix}/share'
docdir='${datarootdir}/doc/${PACKAGE_TARNAME}'
dvidir='${docdir}'
exec_prefix='${prefix}'
host='i686-pc-linux-gnu'
host_alias=''
host_cpu='i686'
host_os='linux-gnu'
host_vendor='pc'
htmldir='${docdir}'
includedir='${prefix}/include'
infodir='${datarootdir}/info'
libdir='${exec_prefix}/lib'
libexecdir='${exec_prefix}/libexec'
localedir='${datarootdir}/locale'
localstatedir='${prefix}/var'
mandir='${datarootdir}/man'
oldincludedir='/usr/include'
pdfdir='${docdir}'
prefix='/usr/local'
program_transform_name='s,x,x,'
psdir='${docdir}'
sbindir='${exec_prefix}/sbin'
sharedstatedir='${prefix}/com'
sysconfdir='${prefix}/etc'
target='i686-pc-linux-gnu'
target_alias=''
target_cpu='i686'
target_os='linux-gnu'
target_vendor='pc'

## ----------- ##
## confdefs.h. ##
## ----------- ##

#define PACKAGE_NAME "impd4e"
#define PACKAGE_TARNAME "impd4e"
#define PACKAGE_VERSION "1.0"
#define PACKAGE_STRING "impd4e 1.0"
#define PACKAGE_BUGREPORT ""
#define HAVE_PCAP_BREAKLOOP 1
#define HAVE_PCAP_FREECODE 1
#define STDC_HEADERS 1
#define HAVE_SYS_TYPES_H 1
#define HAVE_SYS_STAT_H 1
#define HAVE_STDLIB_H 1
#define HAVE_STRING_H 1
#define HAVE_MEMORY_H 1
#define HAVE_STRINGS_H 1
#define HAVE_INTTYPES_H 1
#define HAVE_STDINT_H 1
#define HAVE_UNISTD_H 1
#define HAVE_PCAP_H 1
#define HAVE_IPFIX_H 1
#define HAVE_INTTYPES_H 1
#define HAVE_STDLIB_H 1
#define HAVE_UNISTD_H 1
#define HAVE_STRING_H 1
#define HAVE_LIMITS_H 1
#define HAVE_STDIO_H 1
#define HAVE_ERRNO_H 1
#define HAVE_SIGNAL_H 1
#define HAVE_NETINET_IN_H 1
#define TIME_WITH_SYS_TIME 1
#define HAVE_SYS_SELECT_H 1
#define HAVE_SYS_SOCKET_H 1
#define SELECT_TYPE_ARG1 int
#define SELECT_TYPE_ARG234 (fd_set *)
#define SELECT_TYPE_ARG5 (struct timeval *)
#define RETSIGTYPE void
#define HAVE_STRFTIME 1
#define HAVE_VPRINTF 1
#define HAVE_GETTIMEOFDAY 1
#define HAVE_BASENAME 1
#define HAVE_INET_NTOA 1
#define HAVE_MEMMOVE 1
#define HAVE_MEMSET 1
#define HAVE_MKDIR 1
#define HAVE_SELECT 1
#define HAVE_STRDUP 1
#define HAVE_STRERROR 1
#define HAVE_GETHOSTBYNAME 1
#define HAVE_SETSOCKOPT 1
#define HAVE_HSTRERROR 1
#define HAVE_GETOPT_LONG 1

configure: exit 0
